[INFO] 2026-03-04 23:55:41,264 | django.utils.autoreload:681 | Watching for file changes with StatReloader
[INFO] 2026-03-04 23:55:43,683 | django.utils.autoreload:265 | C:\Users\HB\web\hello_django\ex0\myhello\hello_django\settings.py changed, reloading.
[INFO] 2026-03-04 23:55:44,461 | django.utils.autoreload:681 | Watching for file changes with StatReloader
[INFO] 2026-03-04 23:55:45,849 | django.utils.autoreload:265 | C:\Users\HB\web\hello_django\ex0\myhello\hello_django\settings.py changed, reloading.
[INFO] 2026-03-04 23:55:46,712 | django.utils.autoreload:681 | Watching for file changes with StatReloader
[INFO] 2026-03-04 23:56:06,789 | django.utils.autoreload:265 | C:\Users\HB\web\hello_django\ex0\myhello\myhello\views.py changed, reloading.
[INFO] 2026-03-04 23:56:07,729 | django.utils.autoreload:681 | Watching for file changes with StatReloader
[INFO] 2026-03-04 23:56:47,870 | django.utils.autoreload:265 | C:\Users\HB\web\hello_django\ex0\myhello\myhello\views.py changed, reloading.
[INFO] 2026-03-04 23:56:48,752 | django.utils.autoreload:681 | Watching for file changes with StatReloader
[INFO] 2026-03-04 23:59:05,249 | django.utils.autoreload:681 | Watching for file changes with StatReloader
[DEBUG] 2026-03-04 23:59:21,532 | myhello.views:7 | Something happened!
[INFO] 2026-03-04 23:59:21,535 | django.server:249 | "GET /myhello/ HTTP/1.1" 200 9
[DEBUG] 2026-03-04 23:59:33,750 | myhello.views:7 | Something happened!
[INFO] 2026-03-04 23:59:33,751 | django.server:249 | "GET /myhello/?name=B1329002 HTTP/1.1" 200 14
[INFO] 2026-03-05 00:04:36,177 | django.utils.autoreload:265 | C:\Users\HB\web\hello_django\ex0\myhello\myhello\views.py changed, reloading.
[INFO] 2026-03-05 00:04:37,248 | django.utils.autoreload:681 | Watching for file changes with StatReloader
[INFO] 2026-03-05 00:04:59,698 | django.utils.autoreload:681 | Watching for file changes with StatReloader
[DEBUG] 2026-03-05 00:05:20,331 | myhello.views:7 | Something happened!
[INFO] 2026-03-05 00:05:20,333 | django.server:249 | "GET /myhello/ HTTP/1.1" 200 9
[DEBUG] 2026-03-05 00:05:32,045 | myhello.views:7 | Something happened!
[INFO] 2026-03-05 00:05:32,046 | django.server:249 | "GET /myhello/?name=Lan HTTP/1.1" 200 9
[INFO] 2026-03-11 15:06:09,794 | django.utils.autoreload:681 | Watching for file changes with StatReloader
[INFO] 2026-03-11 15:07:23,761 | django.server:249 | "GET /myhello/?name=cj HTTP/1.1" 200 5238
[INFO] 2026-03-11 15:07:24,006 | django.server:249 | "GET /static/rest_framework/css/prettify.css HTTP/1.1" 200 817
[INFO] 2026-03-11 15:07:24,011 | django.server:249 | "GET /static/rest_framework/css/default.css HTTP/1.1" 200 1152
[INFO] 2026-03-11 15:07:24,014 | django.server:249 | "GET /static/rest_framework/css/bootstrap-tweaks.css HTTP/1.1" 200 3426
[INFO] 2026-03-11 15:07:24,017 | django.server:249 | "GET /static/rest_framework/css/bootstrap.min.css HTTP/1.1" 200 121457
[INFO] 2026-03-11 15:07:24,046 | django.server:249 | "GET /static/rest_framework/js/csrf.js HTTP/1.1" 200 1793
[INFO] 2026-03-11 15:07:24,046 | django.server:249 | "GET /static/rest_framework/js/ajax-form.js HTTP/1.1" 200 3796
[INFO] 2026-03-11 15:07:24,052 | django.server:249 | "GET /static/rest_framework/js/default.js HTTP/1.1" 200 1268
[INFO] 2026-03-11 15:07:24,061 | django.server:249 | "GET /static/rest_framework/img/grid.png HTTP/1.1" 200 1458
[INFO] 2026-03-11 15:07:24,069 | django.server:249 | "GET /static/rest_framework/js/load-ajax-form.js HTTP/1.1" 200 59
[INFO] 2026-03-11 15:07:24,072 | django.server:249 | "GET /static/rest_framework/js/prettify-min.js HTTP/1.1" 200 13632
[INFO] 2026-03-11 15:07:24,080 | django.server:249 | "GET /static/rest_framework/js/bootstrap.min.js HTTP/1.1" 200 39680
[INFO] 2026-03-11 15:07:24,105 | django.server:249 | "GET /static/rest_framework/js/jquery-3.7.1.min.js HTTP/1.1" 200 87533
[WARNING] 2026-03-11 15:07:24,173 | django.request:249 | Not Found: /favicon.ico
[WARNING] 2026-03-11 15:07:24,174 | django.server:249 | "GET /favicon.ico HTTP/1.1" 404 2365
[WARNING] 2026-03-11 15:15:08,849 | django.request:249 | Bad Request: /myhello/
[WARNING] 2026-03-11 15:15:08,850 | django.server:249 | "GET /myhello/?name= HTTP/1.1" 400 5251
[INFO] 2026-03-11 15:15:08,867 | django.server:249 | "GET /static/rest_framework/css/bootstrap.min.css HTTP/1.1" 304 0
[INFO] 2026-03-11 15:15:08,867 | django.server:249 | "GET /static/rest_framework/css/bootstrap-tweaks.css HTTP/1.1" 304 0
[INFO] 2026-03-11 15:15:08,870 | django.server:249 | "GET /static/rest_framework/css/default.css HTTP/1.1" 304 0
[INFO] 2026-03-11 15:15:08,871 | django.server:249 | "GET /static/rest_framework/css/prettify.css HTTP/1.1" 304 0
[INFO] 2026-03-11 15:15:08,875 | django.server:249 | "GET /static/rest_framework/js/csrf.js HTTP/1.1" 304 0
[INFO] 2026-03-11 15:15:08,876 | django.server:249 | "GET /static/rest_framework/js/bootstrap.min.js HTTP/1.1" 304 0
[INFO] 2026-03-11 15:15:08,878 | django.server:249 | "GET /static/rest_framework/js/load-ajax-form.js HTTP/1.1" 304 0
[INFO] 2026-03-11 15:15:08,878 | django.server:249 | "GET /static/rest_framework/js/jquery-3.7.1.min.js HTTP/1.1" 304 0
[INFO] 2026-03-11 15:15:08,879 | django.server:249 | "GET /static/rest_framework/js/default.js HTTP/1.1" 304 0
[INFO] 2026-03-11 15:15:08,879 | django.server:249 | "GET /static/rest_framework/js/prettify-min.js HTTP/1.1" 304 0
[INFO] 2026-03-11 15:15:08,880 | django.server:249 | "GET /static/rest_framework/js/ajax-form.js HTTP/1.1" 304 0
[INFO] 2026-03-11 15:15:08,893 | django.server:249 | "GET /static/rest_framework/img/grid.png HTTP/1.1" 304 0
